
**** Clean-only build of configuration Release for project provisioning_smartconfig ****

"C:\\ti\\ccsv7\\utils\\bin\\gmake" -k clean 
gmake: *** No rule to make target 'clean'.

**** Build Finished ****

**** Build of configuration Release for project provisioning_smartconfig ****

"C:\\ti\\ccsv7\\utils\\bin\\gmake" -k all 
'Building file: C:/ti/CC3200SDK_1.3.0/cc3200-sdk/example/common/gpio_if.c'
'Invoking: ARM Compiler'
"C:/ti/ccsv7/tools/compiler/ti-cgt-arm_16.9.1.LTS/bin/armcl" -mv7M4 --code_state=16 --float_support=vfplib --abi=eabi -me -Ooff --include_path="C:/ti/ccsv7/tools/compiler/ti-cgt-arm_16.9.1.LTS/include" --include_path="C:/ti/CC3200SDK_1.3.0/cc3200-sdk/simplelink/" --include_path="C:/ti/CC3200SDK_1.3.0/cc3200-sdk/simplelink/include" --include_path="C:/ti/CC3200SDK_1.3.0/cc3200-sdk/simplelink/source" --include_path="C:/ti/CC3200SDK_1.3.0/cc3200-sdk/inc" --include_path="C:/ti/CC3200SDK_1.3.0/cc3200-sdk/driverlib" --include_path="C:/ti/CC3200SDK_1.3.0/cc3200-sdk/example/common" --include_path="C:/ti/CC3200SDK_1.3.0/cc3200-sdk/simplelink_extlib/provisioninglib" -g --gcc --define=ccs --define=NOTERM --define=cc3200 --diag_wrap=off --diag_warning=225 --display_error_number --printf_support=full --ual --preproc_with_compile --preproc_dependency="gpio_if.d"  "C:/ti/CC3200SDK_1.3.0/cc3200-sdk/example/common/gpio_if.c"
'Finished building: C:/ti/CC3200SDK_1.3.0/cc3200-sdk/example/common/gpio_if.c'
' '
'Building file: ../main.c'
'Invoking: ARM Compiler'
"C:/ti/ccsv7/tools/compiler/ti-cgt-arm_16.9.1.LTS/bin/armcl" -mv7M4 --code_state=16 --float_support=vfplib --abi=eabi -me -Ooff --include_path="C:/ti/ccsv7/tools/compiler/ti-cgt-arm_16.9.1.LTS/include" --include_path="C:/ti/CC3200SDK_1.3.0/cc3200-sdk/simplelink/" --include_path="C:/ti/CC3200SDK_1.3.0/cc3200-sdk/simplelink/include" --include_path="C:/ti/CC3200SDK_1.3.0/cc3200-sdk/simplelink/source" --include_path="C:/ti/CC3200SDK_1.3.0/cc3200-sdk/inc" --include_path="C:/ti/CC3200SDK_1.3.0/cc3200-sdk/driverlib" --include_path="C:/ti/CC3200SDK_1.3.0/cc3200-sdk/example/common" --include_path="C:/ti/CC3200SDK_1.3.0/cc3200-sdk/simplelink_extlib/provisioninglib" -g --gcc --define=ccs --define=NOTERM --define=cc3200 --diag_wrap=off --diag_warning=225 --display_error_number --printf_support=full --ual --preproc_with_compile --preproc_dependency="main.d"  "../main.c"
'Finished building: ../main.c'
' '
'Building file: C:/ti/CC3200SDK_1.3.0/cc3200-sdk/example/common/network_common.c'
'Invoking: ARM Compiler'
"C:/ti/ccsv7/tools/compiler/ti-cgt-arm_16.9.1.LTS/bin/armcl" -mv7M4 --code_state=16 --float_support=vfplib --abi=eabi -me -Ooff --include_path="C:/ti/ccsv7/tools/compiler/ti-cgt-arm_16.9.1.LTS/include" --include_path="C:/ti/CC3200SDK_1.3.0/cc3200-sdk/simplelink/" --include_path="C:/ti/CC3200SDK_1.3.0/cc3200-sdk/simplelink/include" --include_path="C:/ti/CC3200SDK_1.3.0/cc3200-sdk/simplelink/source" --include_path="C:/ti/CC3200SDK_1.3.0/cc3200-sdk/inc" --include_path="C:/ti/CC3200SDK_1.3.0/cc3200-sdk/driverlib" --include_path="C:/ti/CC3200SDK_1.3.0/cc3200-sdk/example/common" --include_path="C:/ti/CC3200SDK_1.3.0/cc3200-sdk/simplelink_extlib/provisioninglib" -g --gcc --define=ccs --define=NOTERM --define=cc3200 --diag_wrap=off --diag_warning=225 --display_error_number --printf_support=full --ual --preproc_with_compile --preproc_dependency="network_common.d"  "C:/ti/CC3200SDK_1.3.0/cc3200-sdk/example/common/network_common.c"
'Finished building: C:/ti/CC3200SDK_1.3.0/cc3200-sdk/example/common/network_common.c'
' '
'Building file: ../pinmux.c'
'Invoking: ARM Compiler'
"C:/ti/ccsv7/tools/compiler/ti-cgt-arm_16.9.1.LTS/bin/armcl" -mv7M4 --code_state=16 --float_support=vfplib --abi=eabi -me -Ooff --include_path="C:/ti/ccsv7/tools/compiler/ti-cgt-arm_16.9.1.LTS/include" --include_path="C:/ti/CC3200SDK_1.3.0/cc3200-sdk/simplelink/" --include_path="C:/ti/CC3200SDK_1.3.0/cc3200-sdk/simplelink/include" --include_path="C:/ti/CC3200SDK_1.3.0/cc3200-sdk/simplelink/source" --include_path="C:/ti/CC3200SDK_1.3.0/cc3200-sdk/inc" --include_path="C:/ti/CC3200SDK_1.3.0/cc3200-sdk/driverlib" --include_path="C:/ti/CC3200SDK_1.3.0/cc3200-sdk/example/common" --include_path="C:/ti/CC3200SDK_1.3.0/cc3200-sdk/simplelink_extlib/provisioninglib" -g --gcc --define=ccs --define=NOTERM --define=cc3200 --diag_wrap=off --diag_warning=225 --display_error_number --printf_support=full --ual --preproc_with_compile --preproc_dependency="pinmux.d"  "../pinmux.c"
'Finished building: ../pinmux.c'
' '
'Building file: C:/ti/CC3200SDK_1.3.0/cc3200-sdk/example/common/startup_ccs.c'
'Invoking: ARM Compiler'
"C:/ti/ccsv7/tools/compiler/ti-cgt-arm_16.9.1.LTS/bin/armcl" -mv7M4 --code_state=16 --float_support=vfplib --abi=eabi -me -Ooff --include_path="C:/ti/ccsv7/tools/compiler/ti-cgt-arm_16.9.1.LTS/include" --include_path="C:/ti/CC3200SDK_1.3.0/cc3200-sdk/simplelink/" --include_path="C:/ti/CC3200SDK_1.3.0/cc3200-sdk/simplelink/include" --include_path="C:/ti/CC3200SDK_1.3.0/cc3200-sdk/simplelink/source" --include_path="C:/ti/CC3200SDK_1.3.0/cc3200-sdk/inc" --include_path="C:/ti/CC3200SDK_1.3.0/cc3200-sdk/driverlib" --include_path="C:/ti/CC3200SDK_1.3.0/cc3200-sdk/example/common" --include_path="C:/ti/CC3200SDK_1.3.0/cc3200-sdk/simplelink_extlib/provisioninglib" -g --gcc --define=ccs --define=NOTERM --define=cc3200 --diag_wrap=off --diag_warning=225 --display_error_number --printf_support=full --ual --preproc_with_compile --preproc_dependency="startup_ccs.d"  "C:/ti/CC3200SDK_1.3.0/cc3200-sdk/example/common/startup_ccs.c"
'Finished building: C:/ti/CC3200SDK_1.3.0/cc3200-sdk/example/common/startup_ccs.c'
' '
'Building target: provisioning_smartconfig.out'
'Invoking: ARM Linker'
"C:/ti/ccsv7/tools/compiler/ti-cgt-arm_16.9.1.LTS/bin/armcl" -mv7M4 --code_state=16 --float_support=vfplib --abi=eabi -me -Ooff -g --gcc --define=ccs --define=NOTERM --define=cc3200 --diag_wrap=off --diag_warning=225 --display_error_number --printf_support=full --ual -z -m"provisioning_smartconfig.map" --heap_size=0x800 --stack_size=0x800 -i"C:/ti/ccsv7/tools/compiler/ti-cgt-arm_16.9.1.LTS/lib" -i"C:/ti/ccsv7/tools/compiler/ti-cgt-arm_16.9.1.LTS/include" --reread_libs --display_error_number --diag_wrap=off --warn_sections --xml_link_info="provisioning_smartconfig_linkInfo.xml" --rom_model -o "provisioning_smartconfig.out" "./gpio_if.obj" "./main.obj" "./network_common.obj" "./pinmux.obj" "./startup_ccs.obj" "../cc3200v1p32.cmd"  -llibc.a -l"C:/ti/CC3200SDK_1.3.0/cc3200-sdk/driverlib/ccs/Release/driverlib.a" -l"C:/ti/CC3200SDK_1.3.0/cc3200-sdk/simplelink/ccs/NON_OS/simplelink.a" 
<Linking>
'Finished building target: provisioning_smartconfig.out'
' '
'Converting to bin file'
"C:/ti/ccsv7/utils/tiobj2bin/tiobj2bin" "provisioning_smartconfig.out" "provisioning_smartconfig.bin" "C:/ti/ccsv7/tools/compiler/ti-cgt-arm_16.9.1.LTS/bin/armofd" "C:/ti/ccsv7/tools/compiler/ti-cgt-arm_16.9.1.LTS/bin/armhex" "C:/ti/ccsv7/utils/tiobj2bin/mkhex4bin"
' '

**** Build Finished ****

**** Build of configuration Release for project provisioning_smartconfig ****

"C:\\ti\\ccsv7\\utils\\bin\\gmake" -k all 
'Building file: ../main.c'
'Invoking: ARM Compiler'
"C:/ti/ccsv7/tools/compiler/ti-cgt-arm_16.9.1.LTS/bin/armcl" -mv7M4 --code_state=16 --float_support=vfplib --abi=eabi -me -Ooff --include_path="C:/ti/ccsv7/tools/compiler/ti-cgt-arm_16.9.1.LTS/include" --include_path="C:/ti/CC3200SDK_1.3.0/cc3200-sdk/simplelink/" --include_path="C:/ti/CC3200SDK_1.3.0/cc3200-sdk/simplelink/include" --include_path="C:/ti/CC3200SDK_1.3.0/cc3200-sdk/simplelink/source" --include_path="C:/ti/CC3200SDK_1.3.0/cc3200-sdk/inc" --include_path="C:/ti/CC3200SDK_1.3.0/cc3200-sdk/driverlib" --include_path="C:/ti/CC3200SDK_1.3.0/cc3200-sdk/example/common" --include_path="C:/ti/CC3200SDK_1.3.0/cc3200-sdk/simplelink_extlib/provisioninglib" -g --gcc --define=ccs --define=NOTERM --define=cc3200 --diag_wrap=off --diag_warning=225 --display_error_number --printf_support=full --ual --preproc_with_compile --preproc_dependency="main.d"  "../main.c"
'Finished building: ../main.c'
' '
'Building target: provisioning_smartconfig.out'
'Invoking: ARM Linker'
"C:/ti/ccsv7/tools/compiler/ti-cgt-arm_16.9.1.LTS/bin/armcl" -mv7M4 --code_state=16 --float_support=vfplib --abi=eabi -me -Ooff -g --gcc --define=ccs --define=NOTERM --define=cc3200 --diag_wrap=off --diag_warning=225 --display_error_number --printf_support=full --ual -z -m"provisioning_smartconfig.map" --heap_size=0x800 --stack_size=0x800 -i"C:/ti/ccsv7/tools/compiler/ti-cgt-arm_16.9.1.LTS/lib" -i"C:/ti/ccsv7/tools/compiler/ti-cgt-arm_16.9.1.LTS/include" --reread_libs --display_error_number --diag_wrap=off --warn_sections --xml_link_info="provisioning_smartconfig_linkInfo.xml" --rom_model -o "provisioning_smartconfig.out" "./gpio_if.obj" "./main.obj" "./network_common.obj" "./pinmux.obj" "./startup_ccs.obj" "../cc3200v1p32.cmd"  -llibc.a -l"C:/ti/CC3200SDK_1.3.0/cc3200-sdk/driverlib/ccs/Release/driverlib.a" -l"C:/ti/CC3200SDK_1.3.0/cc3200-sdk/simplelink/ccs/NON_OS/simplelink.a" 
<Linking>
'Finished building target: provisioning_smartconfig.out'
' '
'Converting to bin file'
"C:/ti/ccsv7/utils/tiobj2bin/tiobj2bin" "provisioning_smartconfig.out" "provisioning_smartconfig.bin" "C:/ti/ccsv7/tools/compiler/ti-cgt-arm_16.9.1.LTS/bin/armofd" "C:/ti/ccsv7/tools/compiler/ti-cgt-arm_16.9.1.LTS/bin/armhex" "C:/ti/ccsv7/utils/tiobj2bin/mkhex4bin"
' '

**** Build Finished ****
